<?xml version="1.0" encoding="UTF-8"?>
<!-- Generated by org.testng.reporters.JUnitXMLReporter -->
<testsuite ignored="0" hostname="DESKTOP-3D2T8OP" failures="0" tests="3" name="Default test" time="0.242" errors="0" timestamp="2022-09-10T15:26:08 IST">
  <testcase classname="testNGPractice.NewTest" name="h" time="0.03"/>
  <testcase classname="testNGPractice.NewTest" name="f" time="0.005"/>
  <testcase classname="testNGPractice.NewTest" name="g" time="0.004"/>
</testsuite> <!-- Default test -->
