<?xml version="1.0" encoding="UTF-8"?>
<testng-results ignored="0" total="3" passed="3" failed="0" skipped="0">
  <reporter-output>
  </reporter-output>
  <suite started-at="2022-09-10T15:26:08 IST" name="Default suite" finished-at="2022-09-10T15:26:08 IST" duration-ms="242">
    <groups>
    </groups>
    <test started-at="2022-09-10T15:26:08 IST" name="Default test" finished-at="2022-09-10T15:26:08 IST" duration-ms="242">
      <class name="testNGPractice.NewTest">
        <test-method signature="h()[pri:-1, instance:testNGPractice.NewTest@6f46426d]" started-at="2022-09-10T15:26:08 IST" name="h" finished-at="2022-09-10T15:26:08 IST" duration-ms="30" status="PASS">
          <reporter-output>
          </reporter-output>
        </test-method> <!-- h -->
        <test-method signature="f()[pri:0, instance:testNGPractice.NewTest@6f46426d]" started-at="2022-09-10T15:26:08 IST" name="f" finished-at="2022-09-10T15:26:08 IST" duration-ms="5" status="PASS">
          <reporter-output>
          </reporter-output>
        </test-method> <!-- f -->
        <test-method signature="g()[pri:0, instance:testNGPractice.NewTest@6f46426d]" started-at="2022-09-10T15:26:08 IST" name="g" finished-at="2022-09-10T15:26:08 IST" duration-ms="4" status="PASS">
          <reporter-output>
          </reporter-output>
        </test-method> <!-- g -->
      </class> <!-- testNGPractice.NewTest -->
    </test> <!-- Default test -->
  </suite> <!-- Default suite -->
</testng-results>
